guide_app/build/outputs/logs/manifest-merger-debug-report.txt
-- Merging decision tree log ---
manifest
ADDED from src\main\AndroidManifest.xml:2:1-36:12
	package
		ADDED from src\main\AndroidManifest.xml:3:3-27
		INJECTED from src\main\AndroidManifest.xml
		INJECTED from src\main\AndroidManifest.xml
	android:versionName
		INJECTED from src\main\AndroidManifest.xml
		INJECTED from src\main\AndroidManifest.xml
	xmlns:android
		ADDED from src\main\AndroidManifest.xml:2:11-69
	android:versionCode
		INJECTED from src\main\AndroidManifest.xml
		INJECTED from src\main\AndroidManifest.xml
application
ADDED from src\main\AndroidManifest.xml:5:3-34:17
MERGED from [com.android.support:appcompat-v7:22.2.0] AndroidManifest.xml:22:5-20
MERGED from [com.android.support:support-v4:22.2.0] AndroidManifest.xml:22:5-20
	android:label
		ADDED from src\main\AndroidManifest.xml:8:5-37
	android:allowBackup
		ADDED from src\main\AndroidManifest.xml:6:5-31
	android:icon
		ADDED from src\main\AndroidManifest.xml:7:5-39
	android:theme
		ADDED from src\main\AndroidManifest.xml:9:5-61
activity#com.demo.aty.SimpleGuideViewActivity
ADDED from src\main\AndroidManifest.xml:10:5-12:46
	android:screenOrientation
		ADDED from src\main\AndroidManifest.xml:12:7-43
	android:name
		ADDED from src\main\AndroidManifest.xml:11:7-58
activity#com.demo.aty.HomeActivity
ADDED from src\main\AndroidManifest.xml:13:5-21:16
	android:screenOrientation
		ADDED from src\main\AndroidManifest.xml:15:7-43
	android:name
		ADDED from src\main\AndroidManifest.xml:14:7-47
intent-filter#android.intent.action.MAIN+android.intent.category.LAUNCHER
ADDED from src\main\AndroidManifest.xml:16:7-20:23
action#android.intent.action.MAIN
ADDED from src\main\AndroidManifest.xml:17:9-61
	android:name
		ADDED from src\main\AndroidManifest.xml:17:17-58
category#android.intent.category.LAUNCHER
ADDED from src\main\AndroidManifest.xml:19:9-69
	android:name
		ADDED from src\main\AndroidManifest.xml:19:19-66
activity#com.demo.aty.FullActivity
ADDED from src\main\AndroidManifest.xml:22:5-24:46
	android:screenOrientation
		ADDED from src\main\AndroidManifest.xml:24:7-43
	android:name
		ADDED from src\main\AndroidManifest.xml:23:7-47
activity#com.demo.aty.FragActivity
ADDED from src\main\AndroidManifest.xml:25:5-27:46
	android:screenOrientation
		ADDED from src\main\AndroidManifest.xml:27:7-43
	android:name
		ADDED from src\main\AndroidManifest.xml:26:7-47
activity#com.demo.aty.ViewActivity
ADDED from src\main\AndroidManifest.xml:28:5-30:46
	android:screenOrientation
		ADDED from src\main\AndroidManifest.xml:30:7-43
	android:name
		ADDED from src\main\AndroidManifest.xml:29:7-47
activity#com.demo.aty.MyListActivity
ADDED from src\main\AndroidManifest.xml:31:5-33:46
	android:screenOrientation
		ADDED from src\main\AndroidManifest.xml:33:7-43
	android:name
		ADDED from src\main\AndroidManifest.xml:32:7-49
uses-sdk
INJECTED from src\main\AndroidManifest.xml reason: use-sdk injection requested
MERGED from [com.android.support:appcompat-v7:22.2.0] AndroidManifest.xml:20:5-43
MERGED from [com.android.support:support-v4:22.2.0] AndroidManifest.xml:20:5-43
MERGED from [MyApplication:guideview:unspecified] AndroidManifest.xml:7:5-9:41
	android:targetSdkVersion
		INJECTED from src\main\AndroidManifest.xml
		INJECTED from src\main\AndroidManifest.xml
	android:minSdkVersion
		INJECTED from src\main\AndroidManifest.xml
		INJECTED from src\main\AndroidManifest.xml